Arguments: 
  /usr/bin/node /usr/share/yarn/bin/yarn.js add trianglify

PATH: 
  ./bin:./node_modules/.bin:/home/willmartin/.pyenv/bin:/home/willmartin/.rbenv/shims:/home/willmartin/.rbenv/bin:/home/willmartin/.vscode-server/bin/940b5f4bb5fa47866a54529ed759d95d09ee80be/bin:./bin:./node_modules/.bin:/home/willmartin/.pyenv/bin:/home/willmartin/.rbenv/shims:/home/willmartin/.rbenv/bin:/usr/local/sbin:/usr/local/bin:/usr/sbin:/usr/bin:/sbin:/bin:/usr/games:/usr/local/games:/mnt/c/Program Files (x86)/Intel/Intel(R) Management Engine Components/iCLS/:/mnt/c/Program Files/Intel/Intel(R) Management Engine Components/iCLS/:/mnt/c/WINDOWS/system32:/mnt/c/WINDOWS:/mnt/c/WINDOWS/System32/Wbem:/mnt/c/WINDOWS/System32/WindowsPowerShell/v1.0/:/mnt/c/WINDOWS/System32/OpenSSH/:/mnt/c/Program Files (x86)/Intel/Intel(R) Management Engine Components/DAL:/mnt/c/Program Files/Intel/Intel(R) Management Engine Components/DAL:/mnt/c/Program Files (x86)/Intel/Intel(R) Management Engine Components/IPT:/mnt/c/Program Files/Intel/Intel(R) Management Engine Components/IPT:/mnt/c/Users/pc/AppData/Local/Programs/Python/Python37/Scripts/:/mnt/c/Users/pc/AppData/Local/Programs/Python/Python37/:/mnt/c/Users/pc/AppData/Local/Microsoft/WindowsApps:/mnt/c/Users/pc/AppData/Local/atom/bin:/mnt/c/Users/pc/AppData/Local/Microsoft/WindowsApps:/mnt/c/adb:/mnt/c/Program Files/Git/cmd:/mnt/c/Ruby27-x64/bin:/mnt/c/Users/pc/AppData/Local/Programs/Microsoft VS Code/bin:/usr/local/sbin:/usr/local/sbin

Yarn version: 
  1.22.5

Node version: 
  10.22.1

Platform: 
  linux x64

Trace: 
  Error: getaddrinfo EAI_AGAIN registry.yarnpkg.com registry.yarnpkg.com:443
      at GetAddrInfoReqWrap.onlookup [as oncomplete] (dns.js:56:26)

npm manifest: 
  No manifest

yarn manifest: 
  No manifest

Lockfile: 
  # THIS IS AN AUTOGENERATED FILE. DO NOT EDIT THIS FILE DIRECTLY.
  # yarn lockfile v1
